2024-06-27 03:04:43,612 - INFO - Query 'hourly_cpu_metrics' executed successfully. Result stored as DataFrame.
2024-06-27 03:04:45,731 - INFO - Query 'daily_cpu_metrics' executed successfully. Result stored as DataFrame.
2024-06-27 03:04:47,035 - INFO - Query 'hourly_memory_metrics' executed successfully. Result stored as DataFrame.
2024-06-27 03:04:48,236 - INFO - Query 'daily_memory_metrics' executed successfully. Result stored as DataFrame.
2024-06-27 03:04:49,792 - INFO - Query 'hourly_node_count' executed successfully. Result stored as DataFrame.
2024-06-27 03:04:53,151 - INFO - Query 'minutely_cpu_metrics' executed successfully. Result stored as DataFrame.
2024-06-27 03:04:57,144 - INFO - Query 'minutely_memory_metrics' executed successfully. Result stored as DataFrame.
2024-06-27 03:05:00,948 - INFO - Query 'minutely_node_count' executed successfully. Result stored as DataFrame.
2024-06-27 03:05:25,590 - INFO - Query 'query_trends' executed successfully. Result stored as DataFrame.
2024-06-27 03:05:39,658 - INFO - Query 'query_failure_rate' executed successfully. Result stored as DataFrame.
2024-06-27 03:06:01,468 - INFO - Query 'query_failure_rate_by_query_type' executed successfully. Result stored as DataFrame.
2024-06-27 03:06:10,581 - INFO - Query 'query_failure_by_query_type' executed successfully. Result stored as DataFrame.
2024-06-27 03:06:52,199 - INFO - Query 'query_failure_by_error_type' executed successfully. Result stored as DataFrame.
2024-06-27 03:07:34,555 - INFO - Query 'query_failure_by_error_type_and_name' executed successfully. Result stored as DataFrame.
2024-06-27 03:07:55,570 - INFO - Query 'queries_per_minute' executed successfully. Result stored as DataFrame.
2024-06-27 03:08:12,464 - INFO - Query 'data_processed' executed successfully. Result stored as DataFrame.
2024-06-27 03:08:29,915 - INFO - Query 'query_perf_and_time_metrics' executed successfully. Result stored as DataFrame.
2024-06-27 03:08:50,978 - INFO - Query 'top_x_execution_time' executed successfully. Result stored as DataFrame.
2024-06-27 03:09:13,952 - INFO - Query 'top_x_planning_time' executed successfully. Result stored as DataFrame.
2024-06-27 03:09:33,633 - INFO - Query 'top_x_queued_time' executed successfully. Result stored as DataFrame.
2024-06-27 03:09:54,836 - INFO - Query 'top_x_scheduled_time' executed successfully. Result stored as DataFrame.
2024-06-27 03:10:15,161 - INFO - Query 'top_x_analysis_time' executed successfully. Result stored as DataFrame.
2024-06-27 03:10:36,145 - INFO - Query 'top_x_cpu_time' executed successfully. Result stored as DataFrame.
2024-06-27 03:10:57,033 - INFO - Query 'top_x_data_scanned' executed successfully. Result stored as DataFrame.
2024-06-27 03:11:17,831 - INFO - Query 'top_x_splits_completed' executed successfully. Result stored as DataFrame.
2024-06-27 03:12:03,196 - INFO - Query 'sample_errors' executed successfully. Result stored as DataFrame.
