2024-07-03 17:05:24,995 - INFO - Query 'hourly_cpu_metrics' executed successfully. Result stored as DataFrame.
2024-07-03 17:05:26,411 - INFO - Query 'daily_cpu_metrics' executed successfully. Result stored as DataFrame.
2024-07-03 17:05:28,079 - INFO - Query 'hourly_memory_metrics' executed successfully. Result stored as DataFrame.
2024-07-03 17:05:29,615 - INFO - Query 'daily_memory_metrics' executed successfully. Result stored as DataFrame.
2024-07-03 17:05:31,426 - INFO - Query 'hourly_node_count' executed successfully. Result stored as DataFrame.
2024-07-03 17:05:35,326 - INFO - Query 'minutely_cpu_metrics' executed successfully. Result stored as DataFrame.
2024-07-03 17:05:37,978 - INFO - Query 'minutely_memory_metrics' executed successfully. Result stored as DataFrame.
2024-07-03 17:05:40,188 - INFO - Query 'minutely_node_count' executed successfully. Result stored as DataFrame.
2024-07-03 17:06:06,249 - INFO - Query 'query_trends' executed successfully. Result stored as DataFrame.
2024-07-03 17:06:20,807 - INFO - Query 'query_failure_rate' executed successfully. Result stored as DataFrame.
2024-07-03 17:06:50,445 - INFO - Query 'query_failure_rate_by_query_type' executed successfully. Result stored as DataFrame.
2024-07-03 17:07:01,171 - INFO - Query 'query_failure_by_query_type' executed successfully. Result stored as DataFrame.
2024-07-03 17:08:23,344 - INFO - Query 'query_failure_by_error_type' executed successfully. Result stored as DataFrame.
2024-07-03 17:15:07,657 - INFO - Query 'query_failure_by_error_type_and_name' executed successfully. Result stored as DataFrame.
2024-07-03 17:15:47,876 - INFO - Query 'queries_per_minute' executed successfully. Result stored as DataFrame.
2024-07-03 17:16:07,941 - INFO - Query 'data_processed' executed successfully. Result stored as DataFrame.
2024-07-03 17:16:27,997 - INFO - Query 'query_perf_and_time_metrics' executed successfully. Result stored as DataFrame.
2024-07-03 17:16:55,491 - INFO - Query 'top_x_execution_time' executed successfully. Result stored as DataFrame.
2024-07-03 17:17:17,911 - INFO - Query 'top_x_planning_time' executed successfully. Result stored as DataFrame.
2024-07-03 17:17:43,390 - INFO - Query 'top_x_queued_time' executed successfully. Result stored as DataFrame.
2024-07-03 17:18:04,610 - INFO - Query 'top_x_scheduled_time' executed successfully. Result stored as DataFrame.
2024-07-03 17:18:27,521 - INFO - Query 'top_x_analysis_time' executed successfully. Result stored as DataFrame.
2024-07-03 17:18:49,497 - INFO - Query 'top_x_cpu_time' executed successfully. Result stored as DataFrame.
2024-07-03 17:19:13,730 - INFO - Query 'top_x_data_scanned' executed successfully. Result stored as DataFrame.
2024-07-03 17:19:39,078 - INFO - Query 'top_x_splits_completed' executed successfully. Result stored as DataFrame.
2024-07-03 17:20:25,555 - INFO - Query 'sample_errors' executed successfully. Result stored as DataFrame.
