2024-06-27 04:10:19,754 - INFO - Query 'hourly_cpu_metrics' executed successfully. Result stored as DataFrame.
2024-06-27 04:10:21,148 - INFO - Query 'daily_cpu_metrics' executed successfully. Result stored as DataFrame.
2024-06-27 04:10:22,659 - INFO - Query 'hourly_memory_metrics' executed successfully. Result stored as DataFrame.
2024-06-27 04:10:24,128 - INFO - Query 'daily_memory_metrics' executed successfully. Result stored as DataFrame.
2024-06-27 04:10:25,526 - INFO - Query 'hourly_node_count' executed successfully. Result stored as DataFrame.
2024-06-27 04:10:31,583 - INFO - Query 'minutely_cpu_metrics' executed successfully. Result stored as DataFrame.
2024-06-27 04:10:37,523 - INFO - Query 'minutely_memory_metrics' executed successfully. Result stored as DataFrame.
2024-06-27 04:10:42,383 - INFO - Query 'minutely_node_count' executed successfully. Result stored as DataFrame.
2024-06-27 04:11:07,775 - INFO - Query 'query_trends' executed successfully. Result stored as DataFrame.
2024-06-27 04:11:21,946 - INFO - Query 'query_failure_rate' executed successfully. Result stored as DataFrame.
2024-06-27 04:11:43,269 - INFO - Query 'query_failure_rate_by_query_type' executed successfully. Result stored as DataFrame.
2024-06-27 04:11:52,467 - INFO - Query 'query_failure_by_query_type' executed successfully. Result stored as DataFrame.
2024-06-27 04:12:34,282 - INFO - Query 'query_failure_by_error_type' executed successfully. Result stored as DataFrame.
2024-06-27 04:13:16,849 - INFO - Query 'query_failure_by_error_type_and_name' executed successfully. Result stored as DataFrame.
2024-06-27 04:13:38,525 - INFO - Query 'queries_per_minute' executed successfully. Result stored as DataFrame.
2024-06-27 04:13:55,574 - INFO - Query 'data_processed' executed successfully. Result stored as DataFrame.
2024-06-27 04:14:14,084 - INFO - Query 'query_perf_and_time_metrics' executed successfully. Result stored as DataFrame.
2024-06-27 04:14:34,758 - INFO - Query 'top_x_execution_time' executed successfully. Result stored as DataFrame.
2024-06-27 04:14:59,868 - INFO - Query 'top_x_planning_time' executed successfully. Result stored as DataFrame.
2024-06-27 04:15:19,992 - INFO - Query 'top_x_queued_time' executed successfully. Result stored as DataFrame.
2024-06-27 04:15:41,286 - INFO - Query 'top_x_scheduled_time' executed successfully. Result stored as DataFrame.
2024-06-27 04:16:01,997 - INFO - Query 'top_x_analysis_time' executed successfully. Result stored as DataFrame.
2024-06-27 04:16:23,016 - INFO - Query 'top_x_cpu_time' executed successfully. Result stored as DataFrame.
2024-06-27 04:16:43,707 - INFO - Query 'top_x_data_scanned' executed successfully. Result stored as DataFrame.
2024-06-27 04:17:04,700 - INFO - Query 'top_x_splits_completed' executed successfully. Result stored as DataFrame.
2024-06-27 04:17:49,934 - INFO - Query 'sample_errors' executed successfully. Result stored as DataFrame.
